<?xml version="1.0" encoding="UTF-8"?>
<!-- Generated by org.testng.reporters.JUnitReportReporter -->
<testsuite hostname="DESKTOP-5ITK669" failures="0" tests="2" name="test" time="7.131" errors="0" timestamp="2025-09-11T16:21:57 IST" skipped="0">
  <testcase classname="test" name="secondTest" time="3.341"/>
  <testcase classname="test" name="firstTest" time="3.790"/>
</testsuite> <!-- test -->
