<?xml version="1.0" encoding="UTF-8"?>
<!-- Generated by org.testng.reporters.JUnitReportReporter -->
<testsuite hostname="DESKTOP-5ITK669" failures="0" tests="8" name="parallel.TestClass2" time="0.027" errors="0" timestamp="2025-09-17T11:19:03 IST" skipped="0">
  <testcase classname="parallel.TestClass2" name="testMethod7" time="0.002"/>
  <testcase classname="parallel.TestClass2" name="testMethod7" time="0.001"/>
  <testcase classname="parallel.TestClass2" name="testMethod8" time="0.001"/>
  <testcase classname="parallel.TestClass2" name="testMethod8" time="0.001"/>
  <testcase classname="parallel.TestClass2" name="testMethod6" time="0.010"/>
  <testcase classname="parallel.TestClass2" name="testMethod6" time="0.001"/>
  <testcase classname="parallel.TestClass2" name="testMethod5" time="0.010"/>
  <testcase classname="parallel.TestClass2" name="testMethod5" time="0.001"/>
</testsuite> <!-- parallel.TestClass2 -->
