<?xml version="1.0" encoding="UTF-8"?>
<!-- Generated by org.testng.reporters.JUnitReportReporter -->
<testsuite hostname="DESKTOP-5ITK669" failures="0" tests="6" name="priorty" time="0.026" errors="0" timestamp="2025-08-12T21:57:29 IST" skipped="0">
  <testcase classname="priorty" name="Signup" time="0.016"/>
  <testcase classname="priorty" name="login" time="0.001"/>
  <testcase classname="priorty" name="Search" time="0.002"/>
  <testcase classname="priorty" name="Scroll" time="0.002"/>
  <testcase classname="priorty" name="Screnshot" time="0.002"/>
  <testcase classname="priorty" name="Logout" time="0.003"/>
</testsuite> <!-- priorty -->
