<?xml version="1.0" encoding="UTF-8"?>
<!-- Generated by org.testng.reporters.JUnitReportReporter -->
<testsuite hostname="DESKTOP-5ITK669" failures="0" tests="6" name="priorty" time="0.022" errors="0" timestamp="2025-09-11T16:21:57 IST" skipped="0">
  <testcase classname="priorty" name="Signup" time="0.007"/>
  <testcase classname="priorty" name="login" time="0.006"/>
  <testcase classname="priorty" name="Search" time="0.002"/>
  <testcase classname="priorty" name="Scroll" time="0.000"/>
  <testcase classname="priorty" name="Screnshot" time="0.004"/>
  <testcase classname="priorty" name="Logout" time="0.003"/>
</testsuite> <!-- priorty -->
