<?xml version="1.0" encoding="UTF-8"?>
<!-- Generated by org.testng.reporters.JUnitReportReporter -->
<testsuite hostname="DESKTOP-5ITK669" failures="0" tests="2" name="DataProviderTest" time="5.713" errors="0" timestamp="2025-09-11T22:21:42 IST" skipped="0">
  <testcase classname="DataProviderTest" name="loginPage" time="2.475"/>
  <testcase classname="DataProviderTest" name="loginPage" time="3.238"/>
</testsuite> <!-- DataProviderTest -->
