<?xml version="1.0" encoding="UTF-8"?>
<!-- Generated by org.testng.reporters.JUnitReportReporter -->
<testsuite hostname="DESKTOP-5ITK669" failures="0" tests="3" name="parallel.TestClass1" time="0.031" errors="0" timestamp="2025-09-17T11:19:03 IST" skipped="0">
  <testcase classname="parallel.TestClass1" name="testMethod2" time="0.011"/>
  <testcase classname="parallel.TestClass1" name="testMethod1" time="0.010"/>
  <testcase classname="parallel.TestClass1" name="testMethod4" time="0.010"/>
</testsuite> <!-- parallel.TestClass1 -->
