<?xml version="1.0" encoding="UTF-8"?>
<!-- Generated by org.testng.reporters.JUnitReportReporter -->
<testsuite hostname="DESKTOP-5ITK669" failures="0" tests="2" name="test" time="6.690" errors="0" timestamp="2025-08-10T15:31:30 IST" skipped="0">
  <testcase classname="test" name="firstTest" time="3.825"/>
  <testcase classname="test" name="secondTest" time="2.865"/>
</testsuite> <!-- test -->
