<?xml version="1.0" encoding="UTF-8"?>
<!-- Generated by org.testng.reporters.JUnitReportReporter -->
<testsuite hostname="DESKTOP-5ITK669" failures="0" tests="2" name="dataProvider" time="6.750" errors="0" timestamp="2025-09-11T21:26:15 IST" skipped="0">
  <testcase classname="dataProvider" name="loginPage" time="2.911"/>
  <testcase classname="dataProvider" name="loginPage" time="3.839"/>
</testsuite> <!-- dataProvider -->
